<?xml version="1.0" encoding="UTF-8" ?>
<testsuite 
errors="0" failures="0" hostname="ip-172-31-11-228.us-west-2.compute.internal" name="org.scalatest.tools.DiscoverySuite" tests="0" time="0.017" timestamp="2017-03-31T10:09:56">
  <properties>
    <property name="java.runtime.name" value="Java(TM) SE Runtime Environment">
    </property>
    <property 
    name="sun.boot.library.path" value="/usr/java/jdk1.6.0_31/jre/lib/amd64">
</property>
    <property name="java.vm.version" value="20.6-b01"> </property>
    <property name="java.vm.vendor" value="Sun Microsystems Inc."> </property>
    <property name="java.vendor.url" value="http://java.sun.com/"> </property>
    <property name="path.separator" value=":"> </property>
    <property name="java.vm.name" value="Java HotSpot(TM) 64-Bit Server VM">
    </property>
    <property name="file.encoding.pkg" value="sun.io"> </property>
    <property name="user.country" value="CA"> </property>
    <property name="sun.java.launcher" value="SUN_STANDARD"> </property>
    <property name="sun.os.patch.level" value="unknown"> </property>
    <property 
    name="java.vm.specification.name" value="Java Virtual Machine Specification">
</property>
    <property name="user.dir" value="/home/ec2-user/spark-streaming-use-cases">
    </property>
    <property name="java.runtime.version" value="1.6.0_31-b04"> </property>
    <property 
    name="java.awt.graphicsenv" value="sun.awt.X11GraphicsEnvironment">
</property>
    <property name="basedir" value="/home/ec2-user/spark-streaming-use-cases">
    </property>
    <property 
    name="java.endorsed.dirs" value="/usr/java/jdk1.6.0_31/jre/lib/endorsed">
</property>
    <property name="os.arch" value="amd64"> </property>
    <property name="java.io.tmpdir" value="/tmp"> </property>
    <property name="line.separator" value=" "> </property>
    <property 
    name="java.vm.specification.vendor" value="Sun Microsystems Inc.">
</property>
    <property name="os.name" value="Linux"> </property>
    <property name="sun.jnu.encoding" value="UTF-8"> </property>
    <property 
    name="java.library.path" value="/usr/java/jdk1.6.0_31/jre/lib/amd64/server:/usr/java/jdk1.6.0_31/jre/lib/amd64:/usr/java/jdk1.6.0_31/jre/../lib/amd64:/usr/java/packages/lib/amd64:/usr/lib64:/lib64:/lib:/usr/lib">
</property>
    <property 
    name="java.specification.name" value="Java Platform API Specification">
</property>
    <property name="java.class.version" value="50.0"> </property>
    <property 
    name="sun.management.compiler" value="HotSpot 64-Bit Tiered Compilers">
</property>
    <property name="os.version" value="3.10.0-229.el7.x86_64"> </property>
    <property name="user.home" value="/home/ec2-user"> </property>
    <property name="user.timezone" value=""> </property>
    <property name="java.awt.printerjob" value="sun.print.PSPrinterJob">
    </property>
    <property name="file.encoding" value="UTF-8"> </property>
    <property name="java.specification.version" value="1.6"> </property>
    <property name="user.name" value="ec2-user"> </property>
    <property 
    name="java.class.path" value="/home/ec2-user/spark-streaming-use-cases/target/scala/test-classes:/home/ec2-user/spark-streaming-use-cases/target/scala/classes:/home/ec2-user/.m2/repository/org/scala-lang/scala-compiler/2.10.4/scala-compiler-2.10.4.jar:/home/ec2-user/.m2/repository/org/scala-lang/scala-library/2.10.4/scala-library-2.10.4.jar:/home/ec2-user/.m2/repository/org/scala-lang/scala-reflect/2.10.4/scala-reflect-2.10.4.jar:/home/ec2-user/.m2/repository/org/scalatest/scalatest_2.10/2.1.5/scalatest_2.10-2.1.5.jar:/home/ec2-user/.m2/repository/org/apache/spark/spark-core_2.10/1.6.0-cdh5.10.0/spark-core_2.10-1.6.0-cdh5.10.0.jar:/home/ec2-user/.m2/repository/org/apache/avro/avro-mapred/1.7.6-cdh5.10.0/avro-mapred-1.7.6-cdh5.10.0-hadoop2.jar:/home/ec2-user/.m2/repository/org/apache/avro/avro-ipc/1.7.6-cdh5.10.0/avro-ipc-1.7.6-cdh5.10.0.jar:/home/ec2-user/.m2/repository/org/apache/avro/avro-ipc/1.7.6-cdh5.10.0/avro-ipc-1.7.6-cdh5.10.0-tests.jar:/home/ec2-user/.m2/repository/com/twitter/chill_2.10/0.5.0/chill_2.10-0.5.0.jar:/home/ec2-user/.m2/repository/com/esotericsoftware/kryo/kryo/2.21/kryo-2.21.jar:/home/ec2-user/.m2/repository/com/esotericsoftware/reflectasm/reflectasm/1.07/reflectasm-1.07-shaded.jar:/home/ec2-user/.m2/repository/com/esotericsoftware/minlog/minlog/1.2/minlog-1.2.jar:/home/ec2-user/.m2/repository/org/objenesis/objenesis/1.2/objenesis-1.2.jar:/home/ec2-user/.m2/repository/com/twitter/chill-java/0.5.0/chill-java-0.5.0.jar:/home/ec2-user/.m2/repository/org/apache/xbean/xbean-asm5-shaded/4.4/xbean-asm5-shaded-4.4.jar:/home/ec2-user/.m2/repository/org/apache/spark/spark-launcher_2.10/1.6.0-cdh5.10.0/spark-launcher_2.10-1.6.0-cdh5.10.0.jar:/home/ec2-user/.m2/repository/org/apache/spark/spark-network-common_2.10/1.6.0-cdh5.10.0/spark-network-common_2.10-1.6.0-cdh5.10.0.jar:/home/ec2-user/.m2/repository/org/fusesource/leveldbjni/leveldbjni-all/1.8/leveldbjni-all-1.8.jar:/home/ec2-user/.m2/repository/com/fasterxml/jackson/core/jackson-annotations/2.2.3/jackson-annotations-2.2.3.jar:/home/ec2-user/.m2/repository/org/apache/spark/spark-network-shuffle_2.10/1.6.0-cdh5.10.0/spark-network-shuffle_2.10-1.6.0-cdh5.10.0.jar:/home/ec2-user/.m2/repository/org/apache/spark/spark-unsafe_2.10/1.6.0-cdh5.10.0/spark-unsafe_2.10-1.6.0-cdh5.10.0.jar:/home/ec2-user/.m2/repository/net/java/dev/jets3t/jets3t/0.9.0/jets3t-0.9.0.jar:/home/ec2-user/.m2/repository/org/apache/httpcomponents/httpcore/4.1.2/httpcore-4.1.2.jar:/home/ec2-user/.m2/repository/com/jamesmurty/utils/java-xmlbuilder/0.4/java-xmlbuilder-0.4.jar:/home/ec2-user/.m2/repository/org/apache/curator/curator-recipes/2.7.1/curator-recipes-2.7.1.jar:/home/ec2-user/.m2/repository/org/apache/curator/curator-framework/2.7.1/curator-framework-2.7.1.jar:/home/ec2-user/.m2/repository/org/eclipse/jetty/orbit/javax.servlet/3.0.0.v201112011016/javax.servlet-3.0.0.v201112011016.jar:/home/ec2-user/.m2/repository/org/apache/commons/commons-lang3/3.3.2/commons-lang3-3.3.2.jar:/home/ec2-user/.m2/repository/org/apache/commons/commons-math3/3.4.1/commons-math3-3.4.1.jar:/home/ec2-user/.m2/repository/com/google/code/findbugs/jsr305/1.3.9/jsr305-1.3.9.jar:/home/ec2-user/.m2/repository/org/slf4j/slf4j-api/1.7.5/slf4j-api-1.7.5.jar:/home/ec2-user/.m2/repository/org/slf4j/jul-to-slf4j/1.7.5/jul-to-slf4j-1.7.5.jar:/home/ec2-user/.m2/repository/org/slf4j/jcl-over-slf4j/1.7.5/jcl-over-slf4j-1.7.5.jar:/home/ec2-user/.m2/repository/log4j/log4j/1.2.17/log4j-1.2.17.jar:/home/ec2-user/.m2/repository/org/slf4j/slf4j-log4j12/1.7.5/slf4j-log4j12-1.7.5.jar:/home/ec2-user/.m2/repository/com/ning/compress-lzf/1.0.3/compress-lzf-1.0.3.jar:/home/ec2-user/.m2/repository/org/xerial/snappy/snappy-java/1.0.4.1/snappy-java-1.0.4.1.jar:/home/ec2-user/.m2/repository/net/jpountz/lz4/lz4/1.3.0/lz4-1.3.0.jar:/home/ec2-user/.m2/repository/org/roaringbitmap/RoaringBitmap/0.5.11/RoaringBitmap-0.5.11.jar:/home/ec2-user/.m2/repository/commons-net/commons-net/2.2/commons-net-2.2.jar:/home/ec2-user/.m2/repository/org/spark-project/akka/akka-remote_2.10/2.2.3-shaded-protobuf/akka-remote_2.10-2.2.3-shaded-protobuf.jar:/home/ec2-user/.m2/repository/org/spark-project/akka/akka-actor_2.10/2.2.3-shaded-protobuf/akka-actor_2.10-2.2.3-shaded-protobuf.jar:/home/ec2-user/.m2/repository/com/typesafe/config/1.0.2/config-1.0.2.jar:/home/ec2-user/.m2/repository/io/netty/netty/3.6.6.Final/netty-3.6.6.Final.jar:/home/ec2-user/.m2/repository/org/spark-project/protobuf/protobuf-java/2.4.1-shaded/protobuf-java-2.4.1-shaded.jar:/home/ec2-user/.m2/repository/org/uncommons/maths/uncommons-maths/1.2.2a/uncommons-maths-1.2.2a.jar:/home/ec2-user/.m2/repository/org/spark-project/akka/akka-slf4j_2.10/2.2.3-shaded-protobuf/akka-slf4j_2.10-2.2.3-shaded-protobuf.jar:/home/ec2-user/.m2/repository/org/json4s/json4s-jackson_2.10/3.2.10/json4s-jackson_2.10-3.2.10.jar:/home/ec2-user/.m2/repository/org/json4s/json4s-core_2.10/3.2.10/json4s-core_2.10-3.2.10.jar:/home/ec2-user/.m2/repository/org/json4s/json4s-ast_2.10/3.2.10/json4s-ast_2.10-3.2.10.jar:/home/ec2-user/.m2/repository/org/scala-lang/scalap/2.10.0/scalap-2.10.0.jar:/home/ec2-user/.m2/repository/com/sun/jersey/jersey-server/1.9/jersey-server-1.9.jar:/home/ec2-user/.m2/repository/asm/asm/3.1/asm-3.1.jar:/home/ec2-user/.m2/repository/com/sun/jersey/jersey-core/1.9/jersey-core-1.9.jar:/home/ec2-user/.m2/repository/org/apache/mesos/mesos/0.21.1/mesos-0.21.1-shaded-protobuf.jar:/home/ec2-user/.m2/repository/io/netty/netty-all/4.0.29.Final/netty-all-4.0.29.Final.jar:/home/ec2-user/.m2/repository/com/clearspring/analytics/stream/2.7.0/stream-2.7.0.jar:/home/ec2-user/.m2/repository/io/dropwizard/metrics/metrics-core/3.1.2/metrics-core-3.1.2.jar:/home/ec2-user/.m2/repository/io/dropwizard/metrics/metrics-jvm/3.1.2/metrics-jvm-3.1.2.jar:/home/ec2-user/.m2/repository/io/dropwizard/metrics/metrics-json/3.1.2/metrics-json-3.1.2.jar:/home/ec2-user/.m2/repository/io/dropwizard/metrics/metrics-graphite/3.1.2/metrics-graphite-3.1.2.jar:/home/ec2-user/.m2/repository/com/fasterxml/jackson/core/jackson-databind/2.2.3/jackson-databind-2.2.3.jar:/home/ec2-user/.m2/repository/com/fasterxml/jackson/core/jackson-core/2.2.3/jackson-core-2.2.3.jar:/home/ec2-user/.m2/repository/com/fasterxml/jackson/module/jackson-module-scala_2.10/2.2.3/jackson-module-scala_2.10-2.2.3.jar:/home/ec2-user/.m2/repository/com/thoughtworks/paranamer/paranamer/2.3/paranamer-2.3.jar:/home/ec2-user/.m2/repository/org/apache/ivy/ivy/2.4.0/ivy-2.4.0.jar:/home/ec2-user/.m2/repository/oro/oro/2.0.8/oro-2.0.8.jar:/home/ec2-user/.m2/repository/org/tachyonproject/tachyon-client/0.8.2/tachyon-client-0.8.2.jar:/home/ec2-user/.m2/repository/org/tachyonproject/tachyon-underfs-hdfs/0.8.2/tachyon-underfs-hdfs-0.8.2.jar:/home/ec2-user/.m2/repository/org/tachyonproject/tachyon-underfs-s3/0.8.2/tachyon-underfs-s3-0.8.2.jar:/home/ec2-user/.m2/repository/org/tachyonproject/tachyon-underfs-local/0.8.2/tachyon-underfs-local-0.8.2.jar:/home/ec2-user/.m2/repository/net/razorvine/pyrolite/4.9/pyrolite-4.9.jar:/home/ec2-user/.m2/repository/net/sf/py4j/py4j/0.9/py4j-0.9.jar:/home/ec2-user/.m2/repository/com/intel/chimera/chimera/0.9.2/chimera-0.9.2.jar:/home/ec2-user/.m2/repository/org/spark-project/spark/unused/1.0.0/unused-1.0.0.jar:/home/ec2-user/.m2/repository/org/apache/spark/spark-sql_2.10/1.6.0-cdh5.10.0/spark-sql_2.10-1.6.0-cdh5.10.0.jar:/home/ec2-user/.m2/repository/org/apache/spark/spark-catalyst_2.10/1.6.0-cdh5.10.0/spark-catalyst_2.10-1.6.0-cdh5.10.0.jar:/home/ec2-user/.m2/repository/org/codehaus/janino/janino/2.7.8/janino-2.7.8.jar:/home/ec2-user/.m2/repository/com/twitter/parquet-column/1.5.0-cdh5.10.0/parquet-column-1.5.0-cdh5.10.0.jar:/home/ec2-user/.m2/repository/com/twitter/parquet-common/1.5.0-cdh5.10.0/parquet-common-1.5.0-cdh5.10.0.jar:/home/ec2-user/.m2/repository/com/twitter/parquet-encoding/1.5.0-cdh5.10.0/parquet-encoding-1.5.0-cdh5.10.0.jar:/home/ec2-user/.m2/repository/com/twitter/parquet-hadoop/1.5.0-cdh5.10.0/parquet-hadoop-1.5.0-cdh5.10.0.jar:/home/ec2-user/.m2/repository/com/twitter/parquet-format/2.1.0-cdh5.10.0/parquet-format-2.1.0-cdh5.10.0.jar:/home/ec2-user/.m2/repository/com/twitter/parquet-jackson/1.5.0-cdh5.10.0/parquet-jackson-1.5.0-cdh5.10.0.jar:/home/ec2-user/.m2/repository/org/apache/spark/spark-hive_2.10/1.6.0-cdh5.10.0/spark-hive_2.10-1.6.0-cdh5.10.0.jar:/home/ec2-user/.m2/repository/org/apache/hive/hive-cli/1.1.0-cdh5.10.0/hive-cli-1.1.0-cdh5.10.0.jar:/home/ec2-user/.m2/repository/jline/jline/2.12/jline-2.12.jar:/home/ec2-user/.m2/repository/org/apache/hive/hive-exec/1.1.0-cdh5.10.0/hive-exec-1.1.0-cdh5.10.0.jar:/home/ec2-user/.m2/repository/org/cloudera/logredactor/logredactor/1.0.3/logredactor-1.0.3.jar:/home/ec2-user/.m2/repository/log4j/apache-log4j-extras/1.2.17/apache-log4j-extras-1.2.17.jar:/home/ec2-user/.m2/repository/org/antlr/antlr-runtime/3.4/antlr-runtime-3.4.jar:/home/ec2-user/.m2/repository/org/antlr/stringtemplate/3.2.1/stringtemplate-3.2.1.jar:/home/ec2-user/.m2/repository/antlr/antlr/2.7.7/antlr-2.7.7.jar:/home/ec2-user/.m2/repository/org/antlr/ST4/4.0.4/ST4-4.0.4.jar:/home/ec2-user/.m2/repository/stax/stax-api/1.0.1/stax-api-1.0.1.jar:/home/ec2-user/.m2/repository/org/apache/hive/hive-metastore/1.1.0-cdh5.10.0/hive-metastore-1.1.0-cdh5.10.0.jar:/home/ec2-user/.m2/repository/com/jolbox/bonecp/0.8.0.RELEASE/bonecp-0.8.0.RELEASE.jar:/home/ec2-user/.m2/repository/org/apache/derby/derby/10.11.1.1/derby-10.11.1.1.jar:/home/ec2-user/.m2/repository/commons-pool/commons-pool/1.5.4/commons-pool-1.5.4.jar:/home/ec2-user/.m2/repository/commons-dbcp/commons-dbcp/1.4/commons-dbcp-1.4.jar:/home/ec2-user/.m2/repository/javax/jdo/jdo-api/3.0.1/jdo-api-3.0.1.jar:/home/ec2-user/.m2/repository/javax/transaction/jta/1.1/jta-1.1.jar:/home/ec2-user/.m2/repository/org/apache/avro/avro/1.7.6-cdh5.10.0/avro-1.7.6-cdh5.10.0.jar:/home/ec2-user/.m2/repository/commons-httpclient/commons-httpclient/3.1/commons-httpclient-3.1.jar:/home/ec2-user/.m2/repository/org/apache/calcite/calcite-avatica/1.2.0-incubating/calcite-avatica-1.2.0-incubating.jar:/home/ec2-user/.m2/repository/org/apache/calcite/calcite-core/1.2.0-incubating/calcite-core-1.2.0-incubating.jar:/home/ec2-user/.m2/repository/org/apache/calcite/calcite-linq4j/1.2.0-incubating/calcite-linq4j-1.2.0-incubating.jar:/home/ec2-user/.m2/repository/net/hydromatic/eigenbase-properties/1.1.5/eigenbase-properties-1.1.5.jar:/home/ec2-user/.m2/repository/org/codehaus/janino/commons-compiler/2.7.6/commons-compiler-2.7.6.jar:/home/ec2-user/.m2/repository/org/apache/httpcomponents/httpclient/4.2.5/httpclient-4.2.5.jar:/home/ec2-user/.m2/repository/org/codehaus/jackson/jackson-mapper-asl/1.8.8/jackson-mapper-asl-1.8.8.jar:/home/ec2-user/.m2/repository/commons-codec/commons-codec/1.10/commons-codec-1.10.jar:/home/ec2-user/.m2/repository/joda-time/joda-time/2.9.3/joda-time-2.9.3.jar:/home/ec2-user/.m2/repository/org/jodd/jodd-core/3.5.2/jodd-core-3.5.2.jar:/home/ec2-user/.m2/repository/org/datanucleus/datanucleus-core/3.2.10/datanucleus-core-3.2.10.jar:/home/ec2-user/.m2/repository/org/datanucleus/datanucleus-api-jdo/3.2.6/datanucleus-api-jdo-3.2.6.jar:/home/ec2-user/.m2/repository/org/datanucleus/datanucleus-rdbms/3.2.9/datanucleus-rdbms-3.2.9.jar:/home/ec2-user/.m2/repository/org/apache/thrift/libthrift/0.9.3/libthrift-0.9.3.jar:/home/ec2-user/.m2/repository/org/apache/thrift/libfb303/0.9.3/libfb303-0.9.3.jar:/home/ec2-user/.m2/repository/org/apache/spark/spark-streaming_2.10/1.6.0-cdh5.10.0/spark-streaming_2.10-1.6.0-cdh5.10.0.jar:/home/ec2-user/.m2/repository/org/apache/spark/spark-streaming-kafka_2.10/1.6.0-cdh5.10.0/spark-streaming-kafka_2.10-1.6.0-cdh5.10.0.jar:/home/ec2-user/.m2/repository/org/apache/hadoop/hadoop-client/2.6.0-cdh5.10.0/hadoop-client-2.6.0-cdh5.10.0.jar:/home/ec2-user/.m2/repository/org/apache/hadoop/hadoop-hdfs/2.6.0-cdh5.10.0/hadoop-hdfs-2.6.0-cdh5.10.0.jar:/home/ec2-user/.m2/repository/xerces/xercesImpl/2.9.1/xercesImpl-2.9.1.jar:/home/ec2-user/.m2/repository/xml-apis/xml-apis/1.3.04/xml-apis-1.3.04.jar:/home/ec2-user/.m2/repository/org/apache/hadoop/hadoop-mapreduce-client-app/2.6.0-cdh5.10.0/hadoop-mapreduce-client-app-2.6.0-cdh5.10.0.jar:/home/ec2-user/.m2/repository/org/apache/hadoop/hadoop-mapreduce-client-common/2.6.0-cdh5.10.0/hadoop-mapreduce-client-common-2.6.0-cdh5.10.0.jar:/home/ec2-user/.m2/repository/org/apache/hadoop/hadoop-yarn-client/2.6.0-cdh5.10.0/hadoop-yarn-client-2.6.0-cdh5.10.0.jar:/home/ec2-user/.m2/repository/org/apache/hadoop/hadoop-yarn-server-common/2.6.0-cdh5.10.0/hadoop-yarn-server-common-2.6.0-cdh5.10.0.jar:/home/ec2-user/.m2/repository/org/apache/hadoop/hadoop-mapreduce-client-shuffle/2.6.0-cdh5.10.0/hadoop-mapreduce-client-shuffle-2.6.0-cdh5.10.0.jar:/home/ec2-user/.m2/repository/org/apache/hadoop/hadoop-yarn-api/2.6.0-cdh5.10.0/hadoop-yarn-api-2.6.0-cdh5.10.0.jar:/home/ec2-user/.m2/repository/org/apache/hadoop/hadoop-mapreduce-client-core/2.6.0-cdh5.10.0/hadoop-mapreduce-client-core-2.6.0-cdh5.10.0.jar:/home/ec2-user/.m2/repository/org/apache/hadoop/hadoop-yarn-common/2.6.0-cdh5.10.0/hadoop-yarn-common-2.6.0-cdh5.10.0.jar:/home/ec2-user/.m2/repository/javax/xml/bind/jaxb-api/2.2.2/jaxb-api-2.2.2.jar:/home/ec2-user/.m2/repository/javax/xml/stream/stax-api/1.0-2/stax-api-1.0-2.jar:/home/ec2-user/.m2/repository/javax/activation/activation/1.1/activation-1.1.jar:/home/ec2-user/.m2/repository/com/sun/jersey/jersey-client/1.9/jersey-client-1.9.jar:/home/ec2-user/.m2/repository/org/apache/hadoop/hadoop-mapreduce-client-jobclient/2.6.0-cdh5.10.0/hadoop-mapreduce-client-jobclient-2.6.0-cdh5.10.0.jar:/home/ec2-user/.m2/repository/org/apache/hadoop/hadoop-aws/2.6.0-cdh5.10.0/hadoop-aws-2.6.0-cdh5.10.0.jar:/home/ec2-user/.m2/repository/com/amazonaws/aws-java-sdk-s3/1.10.6/aws-java-sdk-s3-1.10.6.jar:/home/ec2-user/.m2/repository/com/amazonaws/aws-java-sdk-kms/1.10.6/aws-java-sdk-kms-1.10.6.jar:/home/ec2-user/.m2/repository/com/amazonaws/aws-java-sdk-core/1.10.6/aws-java-sdk-core-1.10.6.jar:/home/ec2-user/.m2/repository/com/amazonaws/aws-java-sdk-sts/1.10.6/aws-java-sdk-sts-1.10.6.jar:/home/ec2-user/.m2/repository/org/apache/hadoop/hadoop-annotations/2.6.0-cdh5.10.0/hadoop-annotations-2.6.0-cdh5.10.0.jar:/home/ec2-user/.m2/repository/org/apache/hadoop/hadoop-common/2.6.0-cdh5.10.0/hadoop-common-2.6.0-cdh5.10.0.jar:/home/ec2-user/.m2/repository/com/google/guava/guava/11.0.2/guava-11.0.2.jar:/home/ec2-user/.m2/repository/commons-cli/commons-cli/1.2/commons-cli-1.2.jar:/home/ec2-user/.m2/repository/xmlenc/xmlenc/0.52/xmlenc-0.52.jar:/home/ec2-user/.m2/repository/commons-io/commons-io/2.4/commons-io-2.4.jar:/home/ec2-user/.m2/repository/commons-collections/commons-collections/3.2.2/commons-collections-3.2.2.jar:/home/ec2-user/.m2/repository/org/mortbay/jetty/jetty/6.1.26.cloudera.4/jetty-6.1.26.cloudera.4.jar:/home/ec2-user/.m2/repository/org/mortbay/jetty/jetty-util/6.1.26.cloudera.4/jetty-util-6.1.26.cloudera.4.jar:/home/ec2-user/.m2/repository/com/sun/jersey/jersey-json/1.9/jersey-json-1.9.jar:/home/ec2-user/.m2/repository/org/codehaus/jettison/jettison/1.1/jettison-1.1.jar:/home/ec2-user/.m2/repository/com/sun/xml/bind/jaxb-impl/2.2.3-1/jaxb-impl-2.2.3-1.jar:/home/ec2-user/.m2/repository/org/codehaus/jackson/jackson-xc/1.8.3/jackson-xc-1.8.3.jar:/home/ec2-user/.m2/repository/tomcat/jasper-compiler/5.5.23/jasper-compiler-5.5.23.jar:/home/ec2-user/.m2/repository/tomcat/jasper-runtime/5.5.23/jasper-runtime-5.5.23.jar:/home/ec2-user/.m2/repository/commons-el/commons-el/1.0/commons-el-1.0.jar:/home/ec2-user/.m2/repository/commons-logging/commons-logging/1.1.3/commons-logging-1.1.3.jar:/home/ec2-user/.m2/repository/commons-lang/commons-lang/2.6/commons-lang-2.6.jar:/home/ec2-user/.m2/repository/commons-configuration/commons-configuration/1.6/commons-configuration-1.6.jar:/home/ec2-user/.m2/repository/commons-digester/commons-digester/1.8/commons-digester-1.8.jar:/home/ec2-user/.m2/repository/commons-beanutils/commons-beanutils/1.7.0/commons-beanutils-1.7.0.jar:/home/ec2-user/.m2/repository/commons-beanutils/commons-beanutils-core/1.8.0/commons-beanutils-core-1.8.0.jar:/home/ec2-user/.m2/repository/org/codehaus/jackson/jackson-core-asl/1.8.8/jackson-core-asl-1.8.8.jar:/home/ec2-user/.m2/repository/com/google/protobuf/protobuf-java/2.5.0/protobuf-java-2.5.0.jar:/home/ec2-user/.m2/repository/com/google/code/gson/gson/2.2.4/gson-2.2.4.jar:/home/ec2-user/.m2/repository/org/apache/hadoop/hadoop-auth/2.6.0-cdh5.10.0/hadoop-auth-2.6.0-cdh5.10.0.jar:/home/ec2-user/.m2/repository/org/apache/directory/server/apacheds-kerberos-codec/2.0.0-M15/apacheds-kerberos-codec-2.0.0-M15.jar:/home/ec2-user/.m2/repository/org/apache/directory/server/apacheds-i18n/2.0.0-M15/apacheds-i18n-2.0.0-M15.jar:/home/ec2-user/.m2/repository/org/apache/directory/api/api-asn1-api/1.0.0-M20/api-asn1-api-1.0.0-M20.jar:/home/ec2-user/.m2/repository/org/apache/directory/api/api-util/1.0.0-M20/api-util-1.0.0-M20.jar:/home/ec2-user/.m2/repository/com/jcraft/jsch/0.1.42/jsch-0.1.42.jar:/home/ec2-user/.m2/repository/org/apache/curator/curator-client/2.7.1/curator-client-2.7.1.jar:/home/ec2-user/.m2/repository/org/apache/htrace/htrace-core4/4.0.1-incubating/htrace-core4-4.0.1-incubating.jar:/home/ec2-user/.m2/repository/org/apache/zookeeper/zookeeper/3.4.5-cdh5.10.0/zookeeper-3.4.5-cdh5.10.0.jar:/home/ec2-user/.m2/repository/org/apache/commons/commons-compress/1.4.1/commons-compress-1.4.1.jar:/home/ec2-user/.m2/repository/org/tukaani/xz/1.0/xz-1.0.jar:/home/ec2-user/.m2/repository/org/kududb/kudu-client/1.0.0-SNAPSHOT/kudu-client-1.0.0-SNAPSHOT.jar:/home/ec2-user/.m2/repository/org/kududb/interface-annotations/1.0.0-SNAPSHOT/interface-annotations-1.0.0-SNAPSHOT.jar:/home/ec2-user/.m2/repository/com/stumbleupon/async/1.4.1/async-1.4.1.jar:/home/ec2-user/.m2/repository/org/kududb/kudu-mapreduce/1.0.0-SNAPSHOT/kudu-mapreduce-1.0.0-SNAPSHOT.jar:/home/ec2-user/.m2/repository/org/apache/hbase/hbase-server/1.2.0-cdh5.10.0/hbase-server-1.2.0-cdh5.10.0.jar:/home/ec2-user/.m2/repository/org/apache/hbase/hbase-common/1.2.0-cdh5.10.0/hbase-common-1.2.0-cdh5.10.0.jar:/home/ec2-user/.m2/repository/org/apache/hbase/hbase-procedure/1.2.0-cdh5.10.0/hbase-procedure-1.2.0-cdh5.10.0.jar:/home/ec2-user/.m2/repository/org/apache/hbase/hbase-common/1.2.0-cdh5.10.0/hbase-common-1.2.0-cdh5.10.0-tests.jar:/home/ec2-user/.m2/repository/org/apache/hbase/hbase-client/1.2.0-cdh5.10.0/hbase-client-1.2.0-cdh5.10.0.jar:/home/ec2-user/.m2/repository/org/jruby/jcodings/jcodings/1.0.8/jcodings-1.0.8.jar:/home/ec2-user/.m2/repository/org/jruby/joni/joni/2.1.2/joni-2.1.2.jar:/home/ec2-user/.m2/repository/org/apache/hbase/hbase-prefix-tree/1.2.0-cdh5.10.0/hbase-prefix-tree-1.2.0-cdh5.10.0.jar:/home/ec2-user/.m2/repository/org/apache/hbase/hbase-hadoop-compat/1.2.0-cdh5.10.0/hbase-hadoop-compat-1.2.0-cdh5.10.0.jar:/home/ec2-user/.m2/repository/org/apache/hbase/hbase-hadoop2-compat/1.2.0-cdh5.10.0/hbase-hadoop2-compat-1.2.0-cdh5.10.0.jar:/home/ec2-user/.m2/repository/com/yammer/metrics/metrics-core/2.2.0/metrics-core-2.2.0.jar:/home/ec2-user/.m2/repository/com/github/stephenc/high-scale-lib/high-scale-lib/1.1.1/high-scale-lib-1.1.1.jar:/home/ec2-user/.m2/repository/org/apache/commons/commons-math/2.1/commons-math-2.1.jar:/home/ec2-user/.m2/repository/org/mortbay/jetty/jetty-sslengine/6.1.26.cloudera.4/jetty-sslengine-6.1.26.cloudera.4.jar:/home/ec2-user/.m2/repository/org/mortbay/jetty/jsp-2.1/6.1.14/jsp-2.1-6.1.14.jar:/home/ec2-user/.m2/repository/org/mortbay/jetty/jsp-api-2.1/6.1.14/jsp-api-2.1-6.1.14.jar:/home/ec2-user/.m2/repository/org/mortbay/jetty/servlet-api-2.5/6.1.14/servlet-api-2.5-6.1.14.jar:/home/ec2-user/.m2/repository/org/codehaus/jackson/jackson-jaxrs/1.8.8/jackson-jaxrs-1.8.8.jar:/home/ec2-user/.m2/repository/org/jamon/jamon-runtime/2.4.1/jamon-runtime-2.4.1.jar:/home/ec2-user/.m2/repository/org/apache/htrace/htrace-core/3.2.0-incubating/htrace-core-3.2.0-incubating.jar:/home/ec2-user/.m2/repository/com/lmax/disruptor/3.3.0/disruptor-3.3.0.jar:/home/ec2-user/.m2/repository/org/hamcrest/hamcrest-core/1.3/hamcrest-core-1.3.jar:/home/ec2-user/.m2/repository/org/apache/hadoop/hadoop-core/2.6.0-mr1-cdh5.10.0/hadoop-core-2.6.0-mr1-cdh5.10.0.jar:/home/ec2-user/.m2/repository/javax/servlet/jsp/jsp-api/2.1/jsp-api-2.1.jar:/home/ec2-user/.m2/repository/javax/servlet/servlet-api/2.5/servlet-api-2.5.jar:/home/ec2-user/.m2/repository/hsqldb/hsqldb/1.8.0.10/hsqldb-1.8.0.10.jar:/home/ec2-user/.m2/repository/org/eclipse/jdt/core/3.1.1/core-3.1.1.jar:/home/ec2-user/.m2/repository/org/apache/hadoop/hadoop-hdfs/2.6.0-cdh5.10.0/hadoop-hdfs-2.6.0-cdh5.10.0-tests.jar:/home/ec2-user/.m2/repository/commons-daemon/commons-daemon/1.0.13/commons-daemon-1.0.13.jar:/home/ec2-user/.m2/repository/junit/junit/4.12/junit-4.12.jar:/home/ec2-user/.m2/repository/org/apache/hbase/hbase-protocol/1.2.0-cdh5.10.0/hbase-protocol-1.2.0-cdh5.10.0.jar:/home/ec2-user/.m2/repository/org/apache/hbase/hbase-annotations/1.2.0-cdh5.10.0/hbase-annotations-1.2.0-cdh5.10.0.jar:/home/ec2-user/.m2/repository/com/github/stephenc/findbugs/findbugs-annotations/1.3.9-1/findbugs-annotations-1.3.9-1.jar:/home/ec2-user/.m2/repository/org/apache/hbase/hbase-spark/1.2.0-cdh5.10.0/hbase-spark-1.2.0-cdh5.10.0.jar:/home/ec2-user/.m2/repository/org/apache/kafka/kafka-clients/0.9.0-kafka-2.0.0/kafka-clients-0.9.0-kafka-2.0.0.jar:/home/ec2-user/.m2/repository/org/apache/kafka/kafka_2.10/0.9.0-kafka-2.0.0/kafka_2.10-0.9.0-kafka-2.0.0.jar:/home/ec2-user/.m2/repository/com/101tec/zkclient/0.7/zkclient-0.7.jar:/home/ec2-user/.m2/repository/net/sf/jopt-simple/jopt-simple/4.9/jopt-simple-4.9.jar">
</property>
    <property name="java.vm.specification.version" value="1.0"> </property>
    <property name="sun.arch.data.model" value="64"> </property>
    <property name="java.home" value="/usr/java/jdk1.6.0_31/jre"> </property>
    <property 
    name="sun.java.command" value="org.scalatest.tools.Runner -R /home/ec2-user/spark-streaming-use-cases/target/scala/classes /home/ec2-user/spark-streaming-use-cases/target/scala/test-classes -o -u /home/ec2-user/spark-streaming-use-cases/target/scalatest-reports/.">
</property>
    <property name="java.specification.vendor" value="Sun Microsystems Inc.">
    </property>
    <property name="user.language" value="en"> </property>
    <property name="java.vm.info" value="mixed mode"> </property>
    <property name="java.version" value="1.6.0_31"> </property>
    <property 
    name="java.ext.dirs" value="/usr/java/jdk1.6.0_31/jre/lib/ext:/usr/java/packages/lib/ext">
</property>
    <property 
    name="sun.boot.class.path" value="/usr/java/jdk1.6.0_31/jre/lib/resources.jar:/usr/java/jdk1.6.0_31/jre/lib/rt.jar:/usr/java/jdk1.6.0_31/jre/lib/sunrsasign.jar:/usr/java/jdk1.6.0_31/jre/lib/jsse.jar:/usr/java/jdk1.6.0_31/jre/lib/jce.jar:/usr/java/jdk1.6.0_31/jre/lib/charsets.jar:/usr/java/jdk1.6.0_31/jre/lib/modules/jdk.boot.jar:/usr/java/jdk1.6.0_31/jre/classes">
</property>
    <property name="java.vendor" value="Sun Microsystems Inc."> </property>
    <property name="file.separator" value="/"> </property>
    <property 
    name="java.vendor.url.bug" value="http://java.sun.com/cgi-bin/bugreport.cgi">
</property>
    <property name="sun.cpu.endian" value="little"> </property>
    <property name="sun.io.unicode.encoding" value="UnicodeLittle"> </property>
    <property name="sun.cpu.isalist" value=""> </property>
  </properties>
  <system-out><![CDATA[]]></system-out>
  <system-err><![CDATA[]]></system-err>
</testsuite>
